<?xml version="1.0" encoding="UTF-8"?>
<coverage generated="1716159466361" clover="3.2.0">
  <project timestamp="1716159466361" name="All files">
    <metrics statements="20" coveredstatements="18" conditionals="14" coveredconditionals="12" methods="4" coveredmethods="4" elements="38" coveredelements="34" complexity="0" loc="20" ncloc="20" packages="1" files="1" classes="1"/>
    <file name="app.js" path="/Users/nikitasolovev/Desktop/Object, Reflection и Proxy/Object-Reflection-Proxy/src/app.js">
      <metrics statements="20" coveredstatements="18" conditionals="14" coveredconditionals="12" methods="4" coveredmethods="4"/>
      <line num="3" count="1" type="stmt"/>
      <line num="5" count="1" type="stmt"/>
      <line num="6" count="1" type="stmt"/>
      <line num="7" count="1" type="stmt"/>
      <line num="9" count="1" type="stmt"/>
      <line num="10" count="5" type="cond" truecount="4" falsecount="0"/>
      <line num="11" count="2" type="stmt"/>
      <line num="15" count="1" type="stmt"/>
      <line num="16" count="5" type="cond" truecount="4" falsecount="0"/>
      <line num="17" count="3" type="stmt"/>
      <line num="18" count="5" type="cond" truecount="2" falsecount="0"/>
      <line num="22" count="1" type="stmt"/>
      <line num="23" count="1" type="stmt"/>
      <line num="28" count="1" type="stmt"/>
      <line num="52" count="1" type="stmt"/>
      <line num="53" count="1" type="cond" truecount="1" falsecount="1"/>
      <line num="54" count="1" type="cond" truecount="1" falsecount="1"/>
      <line num="55" count="1" type="stmt"/>
      <line num="62" count="0" type="stmt"/>
      <line num="70" count="0" type="stmt"/>
    </file>
  </project>
</coverage>
