{"/Users/nikitasolovev/Desktop/Object, Reflection и Proxy/Object-Reflection-Proxy/src/app.js": {"path":"/Users/nikitasolovev/Desktop/Object, Reflection и Proxy/Object-Reflection-Proxy/src/app.js","statementMap":{"0":{"start":{"line":3,"column":19},"end":{"line":3,"column":82}},"1":{"start":{"line":5,"column":17},"end":{"line":5,"column":19}},"2":{"start":{"line":6,"column":22},"end":{"line":6,"column":24}},"3":{"start":{"line":7,"column":15},"end":{"line":7,"column":31}},"4":{"start":{"line":9,"column":2},"end":{"line":13,"column":3}},"5":{"start":{"line":9,"column":15},"end":{"line":9,"column":16}},"6":{"start":{"line":10,"column":4},"end":{"line":12,"column":5}},"7":{"start":{"line":11,"column":6},"end":{"line":11,"column":55}},"8":{"start":{"line":15,"column":2},"end":{"line":20,"column":3}},"9":{"start":{"line":15,"column":15},"end":{"line":15,"column":16}},"10":{"start":{"line":16,"column":4},"end":{"line":19,"column":5}},"11":{"start":{"line":17,"column":8},"end":{"line":17,"column":62}},"12":{"start":{"line":18,"column":8},"end":{"line":18,"column":59}},"13":{"start":{"line":18,"column":35},"end":{"line":18,"column":57}},"14":{"start":{"line":22,"column":18},"end":{"line":22,"column":44}},"15":{"start":{"line":23,"column":2},"end":{"line":23,"column":16}},"16":{"start":{"line":28,"column":25},"end":{"line":49,"column":1}},"17":{"start":{"line":52,"column":20},"end":{"line":52,"column":65}},"18":{"start":{"line":52,"column":51},"end":{"line":52,"column":64}},"19":{"start":{"line":53,"column":4},"end":{"line":69,"column":5}},"20":{"start":{"line":54,"column":6},"end":{"line":68,"column":9}},"21":{"start":{"line":55,"column":8},"end":{"line":60,"column":10}},"22":{"start":{"line":62,"column":10},"end":{"line":67,"column":12}},"23":{"start":{"line":70,"column":4},"end":{"line":70,"column":16}}},"fnMap":{"0":{"name":"orderByProps","decl":{"start":{"line":4,"column":16},"end":{"line":4,"column":28}},"loc":{"start":{"line":4,"column":51},"end":{"line":24,"column":1}},"line":4},"1":{"name":"(anonymous_1)","decl":{"start":{"line":18,"column":25},"end":{"line":18,"column":26}},"loc":{"start":{"line":18,"column":35},"end":{"line":18,"column":57}},"line":18},"2":{"name":"getSpecialAttack","decl":{"start":{"line":51,"column":16},"end":{"line":51,"column":32}},"loc":{"start":{"line":51,"column":44},"end":{"line":71,"column":1}},"line":51},"3":{"name":"(anonymous_3)","decl":{"start":{"line":52,"column":43},"end":{"line":52,"column":44}},"loc":{"start":{"line":52,"column":51},"end":{"line":52,"column":64}},"line":52}},"branchMap":{"0":{"loc":{"start":{"line":10,"column":4},"end":{"line":12,"column":5}},"type":"if","locations":[{"start":{"line":10,"column":4},"end":{"line":12,"column":5}},{"start":{},"end":{}}],"line":10},"1":{"loc":{"start":{"line":10,"column":8},"end":{"line":10,"column":47}},"type":"binary-expr","locations":[{"start":{"line":10,"column":8},"end":{"line":10,"column":25}},{"start":{"line":10,"column":29},"end":{"line":10,"column":47}}],"line":10},"2":{"loc":{"start":{"line":16,"column":4},"end":{"line":19,"column":5}},"type":"if","locations":[{"start":{"line":16,"column":4},"end":{"line":19,"column":5}},{"start":{},"end":{}}],"line":16},"3":{"loc":{"start":{"line":16,"column":8},"end":{"line":16,"column":47}},"type":"binary-expr","locations":[{"start":{"line":16,"column":8},"end":{"line":16,"column":25}},{"start":{"line":16,"column":29},"end":{"line":16,"column":47}}],"line":16},"4":{"loc":{"start":{"line":18,"column":35},"end":{"line":18,"column":57}},"type":"cond-expr","locations":[{"start":{"line":18,"column":51},"end":{"line":18,"column":52}},{"start":{"line":18,"column":55},"end":{"line":18,"column":57}}],"line":18},"5":{"loc":{"start":{"line":53,"column":4},"end":{"line":69,"column":5}},"type":"if","locations":[{"start":{"line":53,"column":4},"end":{"line":69,"column":5}},{"start":{},"end":{}}],"line":53},"6":{"loc":{"start":{"line":54,"column":6},"end":{"line":68,"column":9}},"type":"if","locations":[{"start":{"line":54,"column":6},"end":{"line":68,"column":9}},{"start":{"line":61,"column":13},"end":{"line":68,"column":9}}],"line":54}},"s":{"0":1,"1":1,"2":1,"3":1,"4":1,"5":1,"6":5,"7":2,"8":1,"9":1,"10":5,"11":3,"12":3,"13":5,"14":1,"15":1,"16":1,"17":1,"18":1,"19":1,"20":1,"21":1,"22":0,"23":0},"f":{"0":1,"1":5,"2":1,"3":1},"b":{"0":[2,3],"1":[5,4],"2":[3,2],"3":[5,4],"4":[2,3],"5":[1,0],"6":[1,0]},"_coverageSchema":"1a1c01bbd47fc00a2c39e90264f33305004495a9","hash":"1920eb64e4ba6bf1ecac143aa6faad121a965615"}
}
