TN:
SF:src/app.js
FN:4,orderByProps
FN:18,(anonymous_1)
FN:51,getSpecialAttack
FN:52,(anonymous_3)
FNF:4
FNH:4
FNDA:1,orderByProps
FNDA:5,(anonymous_1)
FNDA:1,getSpecialAttack
FNDA:1,(anonymous_3)
DA:3,1
DA:5,1
DA:6,1
DA:7,1
DA:9,1
DA:10,5
DA:11,2
DA:15,1
DA:16,5
DA:17,3
DA:18,5
DA:22,1
DA:23,1
DA:28,1
DA:52,1
DA:53,1
DA:54,1
DA:55,1
DA:62,0
DA:70,0
LF:20
LH:18
BRDA:10,0,0,2
BRDA:10,0,1,3
BRDA:10,1,0,5
BRDA:10,1,1,4
BRDA:16,2,0,3
BRDA:16,2,1,2
BRDA:16,3,0,5
BRDA:16,3,1,4
BRDA:18,4,0,2
BRDA:18,4,1,3
BRDA:53,5,0,1
BRDA:53,5,1,0
BRDA:54,6,0,1
BRDA:54,6,1,0
BRF:14
BRH:12
end_of_record
